<?xml version="1.0" encoding="UTF-8"?>
<!-- Generated by org.testng.reporters.JUnitReportReporter -->
<testsuite hostname="mipladmin" failures="0" tests="1" name="Test.GetAndPost" time="0.006" errors="0" timestamp="2021-04-26T19:46:17 IST" skipped="0">
  <testcase classname="Test.GetAndPost" name="testpost" time="0.006"/>
  <system-out/>
</testsuite> <!-- Test.GetAndPost -->
